Arguments: 
  D:\Program Files\nodejs\node.exe D:\Program Files (x86)\Yarn\bin\yarn.js

PATH: 
  C:\Program Files\NVIDIA GPU Computing Toolkit\CUDA\v8.0\bin;C:\Program Files\NVIDIA GPU Computing Toolkit\CUDA\v8.0\libnvvp;C:\Program Files (x86)\Common Files\Intel\Shared Libraries\redist\intel64\compiler;C:\WINDOWS\system32;C:\WINDOWS;C:\WINDOWS\System32\Wbem;C:\WINDOWS\System32\WindowsPowerShell\v1.0\;C:\Program Files (x86)\NVIDIA Corporation\PhysX\Common;D:\Program Files\nodejs\;C:\Program Files\dotnet\;C:\Program Files\Git\cmd;C:\Users\Administrator\AppData\Local\Temp\Temp1_phantomjs-2.1.1-windows.zip\phantomjs-2.1.1-windows\bin;D:\Python35\Lib;D:\Python35\;D:\Python35\Scripts\;D:\Program Files\MATLAB\R2017a\bin;C:\Program Files\Microsoft SQL Server\130\Tools\Binn\;C:\WINDOWS\system32;C:\WINDOWS;C:\WINDOWS\System32\Wbem;C:\WINDOWS\System32\WindowsPowerShell\v1.0\;D:\Program Files (x86)\Yarn\bin;D:\Python35\Scripts\;D:\Python35\;C:\Users\Administrator\AppData\Local\Microsoft\WindowsApps;C:\Users\Administrator\AppData\Roaming\npm;C:\Users\Administrator\AppData\Roaming\npm\node_modules\less\dist;D:\Program Files (x86)\Microsoft VS Code\bin;C:\Users\Administrator\AppData\Local\Microsoft\WindowsApps;C:\Users\Administrator\AppData\Local\GitHubDesktop\bin;C:\Users\Administrator\AppData\Local\Yarn\bin;D:\Emeditor

Yarn version: 
  1.2.1

Node version: 
  6.10.0

Platform: 
  win32 x64

npm manifest: 
  {
    "name": "tlzquiz",
    "version": "1.0.0",
    "description": "",
    "main": "index.js",
    "scripts": {
      "test": "echo \"Error: no test specified\" && exit 1",
      "start": "webpack-dev-server --open",
      "build": "webpack"
    },
    "keywords": [],
    "author": "",
    "license": "ISC",
    "devDependencies": {
      "babel-cli": "^6.26.0",
      "babel-core": "^6.26.0",
      "babel-loader": "^7.1.2",
      "babel-preset-env": "^1.6.0",
      "babel-preset-es2015": "^6.24.1",
      "clean-webpack-plugin": "^0.1.16",
      "css-loader": "^0.28.7",
      "html-webpack-plugin": "^2.30.1",
      "less": "^2.7.2",
      "less-loader": "^4.0.5",
      "mock": "^0.1.1",
      "mui": "^0.0.1",
      "style-loader": "^0.18.2",
      "ts-loader": "^2.3.7",
      "typescript": "^2.5.2",
      "uglifyjs-webpack-plugin": "^0.4.6",
      "vue": "^2.4.2",
      "vue-loader": "^13.0.4",
      "vue-router": "^2.7.0",
      "vue-template-compiler": "^2.4.2",
      "webpack": "^3.5.5",
      "webpack-dev-server": "^2.7.1"
    },
    "dependencies": {
      "axios": "^0.16.2",
      "mint-ui": "^2.2.9"
    }
  }

yarn manifest: 
  No manifest

Lockfile: 
  No lockfile

Trace: 
  Error: ENOENT: no such file or directory, open 'D:\CodeCode\tlzquiz\node_modules\postcss-modules-extract-imports\node_modules\ansi-styles\index.js'
      at Error (native)
